#
# A fatal error has been detected by the Java Runtime Environment:
#
#  EXCEPTION_ACCESS_VIOLATION (0xc0000005) at pc=0x000000006707d340, pid=3892, tid=0x000000000000291c
#
# JRE version: Java(TM) SE Runtime Environment (8.0_211-b12) (build 1.8.0_211-b12)
# Java VM: Java HotSpot(TM) 64-Bit Server VM (25.211-b12 mixed mode windows-amd64 compressed oops)
# Problematic frame:
# V  [jvm.dll+0x3d340]
#
# Failed to write core dump. Minidumps are not enabled by default on client versions of Windows
#
# If you would like to submit a bug report, please visit:
#   http://bugreport.java.com/bugreport/crash.jsp
#

---------------  T H R E A D  ---------------

Current thread (0x00000000186b3000):  JavaThread "C2 CompilerThread1" daemon [_thread_in_vm, id=10524, stack(0x0000000018a60000,0x0000000018b60000)]

siginfo: ExceptionCode=0xc0000005, writing address 0xffffffffa213f42e

Registers:
RAX=0x0000000016f357c0, RBX=0x00000000186b3000, RCX=0x0000000016f31190, RDX=0x0000000000000002
RSP=0x0000000018b5ce60, RBP=0x0000000000000000, RSI=0x0000000016ed0460, RDI=0x0000000018b5f6c0
R8 =0x0000000016f31198, R9 =0x0000000000000002, R10=0x0000000016f30c90, R11=0x000000001997bd50
R12=0x000000006765b818, R13=0x0000000000000000, R14=0x0000000067040000, R15=0x00000000fffffffc
RIP=0x000000006707d340, EFLAGS=0x0000000000010246

Top of Stack: (sp=0x0000000018b5ce60)
0x0000000018b5ce60:   00000000186b3000 0000000016f30c90
0x0000000018b5ce70:   00000000165bba00 00000000186b3000
0x0000000018b5ce80:   000000001e56d120 00000000186b3000
0x0000000018b5ce90:   000000001f9ca570 00000000674ecd15
0x0000000018b5cea0:   0000000018b5e940 0000000000000000
0x0000000018b5ceb0:   0000000000000074 000000001868e130
0x0000000018b5cec0:   0000000000000000 000000001868e130
0x0000000018b5ced0:   0000000018b5e940 00000000674b1d12
0x0000000018b5cee0:   0000000000000000 0000000000000000
0x0000000018b5cef0:   0000000000000001 0000000018b5e940
0x0000000018b5cf00:   0000000000000001 00000000674c19c6
0x0000000018b5cf10:   000000001868e130 0000000018b5d010
0x0000000018b5cf20:   0000000018b5e940 0000000019977010
0x0000000018b5cf30:   0000000000000000 000000006706fdd7
0x0000000018b5cf40:   0000000000000000 000000010000e0d8
0x0000000018b5cf50:   0000000018b5d000 000000010000e000 

Instructions: (pc=0x000000006707d340)
0x000000006707d320:   8b 57 28 48 8b ce e8 c5 16 09 00 48 8b 4f 10 e8
0x000000006707d330:   ac 13 09 00 48 8b 47 10 48 89 46 10 48 8b 47 18
0x000000006707d340:   20 89 9e e2 20 8b 9f ea 20 89 9e ea c7 83 70 02
0x000000006707d350:   00 00 07 00 00 00 83 3d 6b a3 7d 00 01 75 09 80 


Register to memory mapping:

RAX=0x0000000016f357c0 is an unknown value
RBX=0x00000000186b3000 is a thread
RCX=0x0000000016f31190 is an unknown value
RDX=0x0000000000000002 is an unknown value
RSP=0x0000000018b5ce60 is pointing into the stack for thread: 0x00000000186b3000
RBP=0x0000000000000000 is an unknown value
RSI=0x0000000016ed0460 is an unknown value
RDI=0x0000000018b5f6c0 is pointing into the stack for thread: 0x00000000186b3000
R8 =0x0000000016f31198 is an unknown value
R9 =0x0000000000000002 is an unknown value
R10=0x0000000016f30c90 is an unknown value
R11=0x000000001997bd50 is an unknown value
R12=0x000000006765b818 is an unknown value
R13=0x0000000000000000 is an unknown value
R14=0x0000000067040000 is an unknown value
R15=0x00000000fffffffc is an unallocated location in the heap


Stack: [0x0000000018a60000,0x0000000018b60000],  sp=0x0000000018b5ce60,  free space=1011k
Native frames: (J=compiled Java code, j=interpreted, Vv=VM code, C=native code)


Current CompileTask:
C2:22120671 5188       4       java.util.concurrent.ConcurrentHashMap$ValueIterator::next (34 bytes)


---------------  P R O C E S S  ---------------

Java Threads: ( => current thread )
  0x000000001f928000 JavaThread "DestroyJavaVM" [_thread_blocked, id=7148, stack(0x00000000020b0000,0x00000000021b0000)]
  0x000000001a3e2000 JavaThread "http-nio-8080-Acceptor" daemon [_thread_in_native, id=6816, stack(0x0000000022cc0000,0x0000000022dc0000)]
  0x000000001a3e0800 JavaThread "http-nio-8080-Poller" daemon [_thread_in_native, id=14592, stack(0x000000001f1d0000,0x000000001f2d0000)]
  0x000000001a3e0000 JavaThread "http-nio-8080-exec-10" daemon [_thread_blocked, id=14500, stack(0x0000000022bc0000,0x0000000022cc0000)]
  0x000000001a3df000 JavaThread "http-nio-8080-exec-9" daemon [_thread_blocked, id=10104, stack(0x0000000022ac0000,0x0000000022bc0000)]
  0x000000001a3e3000 JavaThread "http-nio-8080-exec-8" daemon [_thread_blocked, id=5392, stack(0x00000000229c0000,0x0000000022ac0000)]
  0x000000001a3e6000 JavaThread "http-nio-8080-exec-7" daemon [_thread_blocked, id=6508, stack(0x00000000228c0000,0x00000000229c0000)]
  0x000000001a3e1800 JavaThread "http-nio-8080-exec-6" daemon [_thread_blocked, id=14280, stack(0x00000000227c0000,0x00000000228c0000)]
  0x000000001a3e4800 JavaThread "http-nio-8080-exec-5" daemon [_thread_blocked, id=11840, stack(0x00000000225c0000,0x00000000226c0000)]
  0x000000001a3e5000 JavaThread "http-nio-8080-exec-4" daemon [_thread_blocked, id=11420, stack(0x00000000224c0000,0x00000000225c0000)]
  0x000000001a3e3800 JavaThread "http-nio-8080-exec-3" daemon [_thread_blocked, id=11760, stack(0x00000000223c0000,0x00000000224c0000)]
  0x000000001d6e5000 JavaThread "http-nio-8080-exec-2" daemon [_thread_blocked, id=14768, stack(0x00000000222c0000,0x00000000223c0000)]
  0x000000001d6e8000 JavaThread "http-nio-8080-exec-1" daemon [_thread_blocked, id=5352, stack(0x00000000221c0000,0x00000000222c0000)]
  0x000000001d6e7800 JavaThread "Live Reload Server" daemon [_thread_in_native, id=9856, stack(0x0000000020900000,0x0000000020a00000)]
  0x000000001d6e1800 JavaThread "File Watcher" daemon [_thread_blocked, id=5056, stack(0x00000000220c0000,0x00000000221c0000)]
  0x000000001d6e2000 JavaThread "container-0" [_thread_blocked, id=10264, stack(0x000000001ead0000,0x000000001ebd0000)]
  0x000000001d6e6800 JavaThread "Catalina-utility-2" [_thread_blocked, id=10320, stack(0x000000001cfc0000,0x000000001d0c0000)]
  0x000000001d6e4800 JavaThread "Catalina-utility-1" [_thread_blocked, id=8112, stack(0x000000001c880000,0x000000001c980000)]
  0x000000001d6e6000 JavaThread "HikariPool-1 housekeeper" daemon [_thread_blocked, id=10880, stack(0x000000001b1b0000,0x000000001b2b0000)]
  0x00000000186b8000 JavaThread "Service Thread" daemon [_thread_blocked, id=15056, stack(0x0000000018c60000,0x0000000018d60000)]
  0x00000000186b3800 JavaThread "C1 CompilerThread2" daemon [_thread_blocked, id=13880, stack(0x0000000018b60000,0x0000000018c60000)]
=>0x00000000186b3000 JavaThread "C2 CompilerThread1" daemon [_thread_in_vm, id=10524, stack(0x0000000018a60000,0x0000000018b60000)]
  0x0000000016f31800 JavaThread "C2 CompilerThread0" daemon [_thread_blocked, id=11860, stack(0x0000000018560000,0x0000000018660000)]
  0x0000000016f2f800 JavaThread "Attach Listener" daemon [_thread_blocked, id=1316, stack(0x0000000018460000,0x0000000018560000)]
  0x0000000016f2e800 JavaThread "Signal Dispatcher" daemon [_thread_blocked, id=12036, stack(0x0000000018360000,0x0000000018460000)]
  0x00000000023ae800 JavaThread "Finalizer" daemon [_thread_blocked, id=2368, stack(0x0000000018160000,0x0000000018260000)]
  0x00000000023a3000 JavaThread "Reference Handler" daemon [_thread_blocked, id=12452, stack(0x0000000018060000,0x0000000018160000)]

Other Threads:
  0x0000000016ea8000 VMThread [stack: 0x0000000017f60000,0x0000000018060000] [id=15300]
  0x00000000186fa800 WatcherThread [stack: 0x0000000018d60000,0x0000000018e60000] [id=5736]

VM state:not at safepoint (normal execution)

VM Mutex/Monitor currently owned by a thread: None

heap address: 0x0000000081c00000, size: 2020 MB, Compressed Oops mode: 32-bit
Narrow klass base: 0x0000000000000000, Narrow klass shift: 3
Compressed class space size: 1073741824 Address: 0x0000000100000000

Heap:
 PSYoungGen      total 237056K, used 188143K [0x00000000d5f00000, 0x00000000e5c80000, 0x0000000100000000)
  eden space 228864K, 80% used [0x00000000d5f00000,0x00000000e13d1898,0x00000000e3e80000)
  from space 8192K, 36% used [0x00000000e5480000,0x00000000e576a5f0,0x00000000e5c80000)
  to   space 15360K, 0% used [0x00000000e3e80000,0x00000000e3e80000,0x00000000e4d80000)
 ParOldGen       total 127488K, used 21643K [0x0000000081c00000, 0x0000000089880000, 0x00000000d5f00000)
  object space 127488K, 16% used [0x0000000081c00000,0x0000000083122fd0,0x0000000089880000)
 Metaspace       used 61629K, capacity 65358K, committed 65664K, reserved 1105920K
  class space    used 8387K, capacity 9004K, committed 9088K, reserved 1048576K

Card table byte_map: [0x0000000011770000,0x0000000011b70000] byte_map_base: 0x0000000011362000

Marking Bits: (ParMarkBitMap*) 0x0000000067865ce0
 Begin Bits: [0x0000000012220000, 0x00000000141b0000)
 End Bits:   [0x00000000141b0000, 0x0000000016140000)

Polling page: 0x0000000001ff0000

CodeCache: size=245760Kb used=14161Kb max_used=14353Kb free=231598Kb
 bounds [0x00000000023b0000, 0x00000000031c0000, 0x00000000113b0000]
 total_blobs=4964 nmethods=4378 adapters=497
 compilation: enabled

Compilation events (10 events):
Event: 21980.070 Thread 0x00000000186b3800 nmethod 5183 0x0000000002ed0890 code [0x0000000002ed0e80, 0x0000000002ed4198]
Event: 21980.071 Thread 0x00000000186b3800 5182       3       org.h2.mvstore.MVStore::isVersioningRequired (20 bytes)
Event: 21980.071 Thread 0x00000000186b3800 nmethod 5182 0x0000000002563f90 code [0x00000000025640e0, 0x00000000025642d0]
Event: 21980.072 Thread 0x00000000186b3800 5187       3       org.h2.mvstore.tx.VersionedBitSet::clone (8 bytes)
Event: 21980.072 Thread 0x00000000186b3800 nmethod 5187 0x0000000002596090 code [0x0000000002596200, 0x0000000002596468]
Event: 21980.072 Thread 0x00000000186b3800 5184       1       org.h2.engine.Database::getMainSchema (5 bytes)
Event: 21980.073 Thread 0x00000000186b3800 nmethod 5184 0x000000000265e490 code [0x000000000265e5e0, 0x000000000265e6f0]
Event: 21980.073 Thread 0x00000000186b3800 5185       1       org.h2.engine.SessionLocal::getUser (5 bytes)
Event: 21980.074 Thread 0x00000000186b3800 nmethod 5185 0x000000000265e1d0 code [0x000000000265e320, 0x000000000265e430]
Event: 22120.654 Thread 0x00000000186b3000 5188       4       java.util.concurrent.ConcurrentHashMap$ValueIterator::next (34 bytes)

GC Heap History (10 events):
Event: 8.225 GC heap before
{Heap before GC invocations=11 (full 2):
 PSYoungGen      total 166912K, used 155648K [0x00000000d5f00000, 0x00000000e3a00000, 0x0000000100000000)
  eden space 155648K, 100% used [0x00000000d5f00000,0x00000000df700000,0x00000000df700000)
  from space 11264K, 0% used [0x00000000e0280000,0x00000000e0280000,0x00000000e0d80000)
  to   space 11776K, 0% used [0x00000000df700000,0x00000000df700000,0x00000000e0280000)
 ParOldGen       total 89600K, used 13420K [0x0000000081c00000, 0x0000000087380000, 0x00000000d5f00000)
  object space 89600K, 14% used [0x0000000081c00000,0x000000008291b020,0x0000000087380000)
 Metaspace       used 50143K, capacity 52686K, committed 52992K, reserved 1095680K
  class space    used 6954K, capacity 7402K, committed 7424K, reserved 1048576K
Event: 8.266 GC heap after
Heap after GC invocations=11 (full 2):
 PSYoungGen      total 167424K, used 11757K [0x00000000d5f00000, 0x00000000e4080000, 0x0000000100000000)
  eden space 155648K, 0% used [0x00000000d5f00000,0x00000000d5f00000,0x00000000df700000)
  from space 11776K, 99% used [0x00000000df700000,0x00000000e027b470,0x00000000e0280000)
  to   space 15360K, 0% used [0x00000000e3180000,0x00000000e3180000,0x00000000e4080000)
 ParOldGen       total 89600K, used 18911K [0x0000000081c00000, 0x0000000087380000, 0x00000000d5f00000)
  object space 89600K, 21% used [0x0000000081c00000,0x0000000082e77d58,0x0000000087380000)
 Metaspace       used 50143K, capacity 52686K, committed 52992K, reserved 1095680K
  class space    used 6954K, capacity 7402K, committed 7424K, reserved 1048576K
}
Event: 9.389 GC heap before
{Heap before GC invocations=12 (full 2):
 PSYoungGen      total 167424K, used 74198K [0x00000000d5f00000, 0x00000000e4080000, 0x0000000100000000)
  eden space 155648K, 40% used [0x00000000d5f00000,0x00000000d9bfa5b0,0x00000000df700000)
  from space 11776K, 99% used [0x00000000df700000,0x00000000e027b470,0x00000000e0280000)
  to   space 15360K, 0% used [0x00000000e3180000,0x00000000e3180000,0x00000000e4080000)
 ParOldGen       total 89600K, used 18911K [0x0000000081c00000, 0x0000000087380000, 0x00000000d5f00000)
  object space 89600K, 21% used [0x0000000081c00000,0x0000000082e77d58,0x0000000087380000)
 Metaspace       used 55497K, capacity 58924K, committed 59008K, reserved 1099776K
  class space    used 7683K, capacity 8271K, committed 8320K, reserved 1048576K
Event: 9.410 GC heap after
Heap after GC invocations=12 (full 2):
 PSYoungGen      total 215040K, used 10991K [0x00000000d5f00000, 0x00000000e4180000, 0x0000000100000000)
  eden space 199680K, 0% used [0x00000000d5f00000,0x00000000d5f00000,0x00000000e2200000)
  from space 15360K, 71% used [0x00000000e3180000,0x00000000e3c3bf80,0x00000000e4080000)
  to   space 15872K, 0% used [0x00000000e2200000,0x00000000e2200000,0x00000000e3180000)
 ParOldGen       total 89600K, used 18919K [0x0000000081c00000, 0x0000000087380000, 0x00000000d5f00000)
  object space 89600K, 21% used [0x0000000081c00000,0x0000000082e79d58,0x0000000087380000)
 Metaspace       used 55497K, capacity 58924K, committed 59008K, reserved 1099776K
  class space    used 7683K, capacity 8271K, committed 8320K, reserved 1048576K
}
Event: 9.410 GC heap before
{Heap before GC invocations=13 (full 3):
 PSYoungGen      total 215040K, used 10991K [0x00000000d5f00000, 0x00000000e4180000, 0x0000000100000000)
  eden space 199680K, 0% used [0x00000000d5f00000,0x00000000d5f00000,0x00000000e2200000)
  from space 15360K, 71% used [0x00000000e3180000,0x00000000e3c3bf80,0x00000000e4080000)
  to   space 15872K, 0% used [0x00000000e2200000,0x00000000e2200000,0x00000000e3180000)
 ParOldGen       total 89600K, used 18919K [0x0000000081c00000, 0x0000000087380000, 0x00000000d5f00000)
  object space 89600K, 21% used [0x0000000081c00000,0x0000000082e79d58,0x0000000087380000)
 Metaspace       used 55497K, capacity 58924K, committed 59008K, reserved 1099776K
  class space    used 7683K, capacity 8271K, committed 8320K, reserved 1048576K
Event: 9.631 GC heap after
Heap after GC invocations=13 (full 3):
 PSYoungGen      total 215040K, used 0K [0x00000000d5f00000, 0x00000000e4180000, 0x0000000100000000)
  eden space 199680K, 0% used [0x00000000d5f00000,0x00000000d5f00000,0x00000000e2200000)
  from space 15360K, 0% used [0x00000000e3180000,0x00000000e3180000,0x00000000e4080000)
  to   space 15872K, 0% used [0x00000000e2200000,0x00000000e2200000,0x00000000e3180000)
 ParOldGen       total 127488K, used 21627K [0x0000000081c00000, 0x0000000089880000, 0x00000000d5f00000)
  object space 127488K, 16% used [0x0000000081c00000,0x000000008311efd0,0x0000000089880000)
 Metaspace       used 55497K, capacity 58924K, committed 59008K, reserved 1099776K
  class space    used 7683K, capacity 8271K, committed 8320K, reserved 1048576K
}
Event: 3449.338 GC heap before
{Heap before GC invocations=14 (full 3):
 PSYoungGen      total 215040K, used 199680K [0x00000000d5f00000, 0x00000000e4180000, 0x0000000100000000)
  eden space 199680K, 100% used [0x00000000d5f00000,0x00000000e2200000,0x00000000e2200000)
  from space 15360K, 0% used [0x00000000e3180000,0x00000000e3180000,0x00000000e4080000)
  to   space 15872K, 0% used [0x00000000e2200000,0x00000000e2200000,0x00000000e3180000)
 ParOldGen       total 127488K, used 21627K [0x0000000081c00000, 0x0000000089880000, 0x00000000d5f00000)
  object space 127488K, 16% used [0x0000000081c00000,0x000000008311efd0,0x0000000089880000)
 Metaspace       used 61509K, capacity 65166K, committed 65408K, reserved 1105920K
  class space    used 8386K, capacity 9004K, committed 9088K, reserved 1048576K
Event: 3449.353 GC heap after
Heap after GC invocations=14 (full 3):
 PSYoungGen      total 215552K, used 7458K [0x00000000d5f00000, 0x00000000e6380000, 0x0000000100000000)
  eden space 199680K, 0% used [0x00000000d5f00000,0x00000000d5f00000,0x00000000e2200000)
  from space 15872K, 46% used [0x00000000e2200000,0x00000000e2948860,0x00000000e3180000)
  to   space 15360K, 0% used [0x00000000e5480000,0x00000000e5480000,0x00000000e6380000)
 ParOldGen       total 127488K, used 21635K [0x0000000081c00000, 0x0000000089880000, 0x00000000d5f00000)
  object space 127488K, 16% used [0x0000000081c00000,0x0000000083120fd0,0x0000000089880000)
 Metaspace       used 61509K, capacity 65166K, committed 65408K, reserved 1105920K
  class space    used 8386K, capacity 9004K, committed 9088K, reserved 1048576K
}
Event: 8566.905 GC heap before
{Heap before GC invocations=15 (full 3):
 PSYoungGen      total 215552K, used 207138K [0x00000000d5f00000, 0x00000000e6380000, 0x0000000100000000)
  eden space 199680K, 100% used [0x00000000d5f00000,0x00000000e2200000,0x00000000e2200000)
  from space 15872K, 46% used [0x00000000e2200000,0x00000000e2948860,0x00000000e3180000)
  to   space 15360K, 0% used [0x00000000e5480000,0x00000000e5480000,0x00000000e6380000)
 ParOldGen       total 127488K, used 21635K [0x0000000081c00000, 0x0000000089880000, 0x00000000d5f00000)
  object space 127488K, 16% used [0x0000000081c00000,0x0000000083120fd0,0x0000000089880000)
 Metaspace       used 61582K, capacity 65294K, committed 65408K, reserved 1105920K
  class space    used 8387K, capacity 9004K, committed 9088K, reserved 1048576K
Event: 8566.938 GC heap after
Heap after GC invocations=15 (full 3):
 PSYoungGen      total 237056K, used 2985K [0x00000000d5f00000, 0x00000000e5c80000, 0x0000000100000000)
  eden space 228864K, 0% used [0x00000000d5f00000,0x00000000d5f00000,0x00000000e3e80000)
  from space 8192K, 36% used [0x00000000e5480000,0x00000000e576a5f0,0x00000000e5c80000)
  to   space 15360K, 0% used [0x00000000e3e80000,0x00000000e3e80000,0x00000000e4d80000)
 ParOldGen       total 127488K, used 21643K [0x0000000081c00000, 0x0000000089880000, 0x00000000d5f00000)
  object space 127488K, 16% used [0x0000000081c00000,0x0000000083122fd0,0x0000000089880000)
 Metaspace       used 61582K, capacity 65294K, committed 65408K, reserved 1105920K
  class space    used 8387K, capacity 9004K, committed 9088K, reserved 1048576K
}

Deoptimization events (10 events):
Event: 30.420 Thread 0x000000001a3e0000 Uncommon trap: reason=bimorphic action=maybe_recompile pc=0x0000000002681604 method=java.util.concurrent.ConcurrentHashMap.putVal(Ljava/lang/Object;Ljava/lang/Object;Z)Ljava/lang/Object; @ 192
Event: 30.421 Thread 0x000000001a3e0000 Uncommon trap: reason=bimorphic action=maybe_recompile pc=0x0000000002681604 method=java.util.concurrent.ConcurrentHashMap.putVal(Ljava/lang/Object;Ljava/lang/Object;Z)Ljava/lang/Object; @ 192
Event: 30.421 Thread 0x000000001a3e0000 Uncommon trap: reason=bimorphic action=maybe_recompile pc=0x0000000002681604 method=java.util.concurrent.ConcurrentHashMap.putVal(Ljava/lang/Object;Ljava/lang/Object;Z)Ljava/lang/Object; @ 192
Event: 30.421 Thread 0x000000001a3e0000 Uncommon trap: reason=bimorphic action=maybe_recompile pc=0x0000000002681604 method=java.util.concurrent.ConcurrentHashMap.putVal(Ljava/lang/Object;Ljava/lang/Object;Z)Ljava/lang/Object; @ 192
Event: 30.523 Thread 0x000000001a3e0000 Uncommon trap: reason=unstable_if action=reinterpret pc=0x00000000029c4b5c method=java.util.LinkedHashMap.afterNodeInsertion(Z)V @ 18
Event: 87.092 Thread 0x000000001a3e6000 Uncommon trap: reason=unstable_if action=reinterpret pc=0x0000000002838160 method=java.util.concurrent.ConcurrentHashMap.addCount(JI)V @ 34
Event: 1767.837 Thread 0x000000001d6e6000 Uncommon trap: reason=unstable_if action=reinterpret pc=0x0000000002698e3c method=java.util.concurrent.locks.AbstractQueuedSynchronizer.enq(Ljava/util/concurrent/locks/AbstractQueuedSynchronizer$Node;)Ljava/util/concurrent/locks/AbstractQueuedSynchronizer
Event: 1781.744 Thread 0x000000001f922000 Uncommon trap: reason=unstable_if action=reinterpret pc=0x0000000002debc54 method=java.util.concurrent.locks.AbstractQueuedSynchronizer$ConditionObject.addConditionWaiter()Ljava/util/concurrent/locks/AbstractQueuedSynchronizer$Node; @ 15
Event: 21960.389 Thread 0x000000001d6e6800 Uncommon trap: reason=unstable_if action=reinterpret pc=0x0000000002699318 method=java.util.concurrent.locks.AbstractQueuedSynchronizer.acquireQueued(Ljava/util/concurrent/locks/AbstractQueuedSynchronizer$Node;I)Z @ 17
Event: 21980.048 Thread 0x000000001d6e6000 Uncommon trap: reason=unstable_if action=reinterpret pc=0x00000000024f79d8 method=sun.nio.cs.UTF_8$Encoder.encode([CII[B)I @ 33

Classes redefined (0 events):
No events

Internal exceptions (10 events):
Event: 9.876 Thread 0x000000001956f000 Exception <a 'java/lang/ClassNotFoundException': java/lang/ObjectCustomizer> (0x00000000d6abb580) thrown at [C:\re\workspace\8-2-build-windows-amd64-cygwin\jdk8u211\12973\hotspot\src\share\vm\classfile\systemDictionary.cpp, line 210]
Event: 9.880 Thread 0x000000001956f000 Exception <a 'java/lang/ClassNotFoundException': com/tekplans/drones/entities/DroneCustomizer> (0x00000000d6ad0318) thrown at [C:\re\workspace\8-2-build-windows-amd64-cygwin\jdk8u211\12973\hotspot\src\share\vm\classfile\systemDictionary.cpp, line 210]
Event: 21.915 Thread 0x000000001d6e8000 Exception <a 'java/lang/NoSuchMethodError': java.lang.Object.lambda$comparing$ea9a8b3a$1(Ljava/util/Comparator;Ljava/util/function/Function;Ljava/lang/Object;Ljava/lang/Object;)I> (0x00000000d7d98f28) thrown at [C:\re\workspace\8-2-build-windows-amd64-cyg
Event: 26.090 Thread 0x000000001a3e4800 Exception <a 'sun/nio/fs/WindowsException'> (0x00000000d8331a20) thrown at [C:\re\workspace\8-2-build-windows-amd64-cygwin\jdk8u211\12973\hotspot\src\share\vm\prims\jni.cpp, line 710]
Event: 26.287 Thread 0x000000001a3df000 Implicit null exception at 0x000000000313aef7 to 0x000000000313b075
Event: 26.355 Thread 0x000000001a3df000 Implicit null exception at 0x000000000312b1e9 to 0x000000000312b7e9
Event: 30.382 Thread 0x000000001a3e0000 Exception <a 'java/lang/NoSuchMethodError': java.lang.Object.lambda$mapIfAllPresent$6(Ljava/util/Optional;Ljava/util/function/BiFunction;Ljava/lang/Object;)Ljava/util/Optional;> (0x00000000d9c69480) thrown at [C:\re\workspace\8-2-build-windows-amd64-cygwi
Event: 30.383 Thread 0x000000001a3e0000 Exception <a 'java/lang/NoSuchMethodError': java.lang.Object.lambda$null$5(Ljava/util/function/BiFunction;Ljava/lang/Object;Ljava/lang/Object;)Ljava/lang/Object;> (0x00000000d9c6dda8) thrown at [C:\re\workspace\8-2-build-windows-amd64-cygwin\jdk8u211\1297
Event: 30.389 Thread 0x000000001a3e0000 Exception <a 'java/lang/NoSuchMethodError': java.lang.Object.lambda$static$0(Lorg/hibernate/type/EntityType;Ljava/lang/Object;Lorg/hibernate/engine/spi/SharedSessionContractImplementor;Ljava/lang/Object;Ljava/lang/Boolean;)Ljava/lang/Object;> (0x00000000d
Event: 21980.054 Thread 0x000000001d6e6000 Exception <a 'java/io/IOException'> (0x00000000d634ecc0) thrown at [C:\re\workspace\8-2-build-windows-amd64-cygwin\jdk8u211\12973\hotspot\src\share\vm\prims\jni.cpp, line 710]

Events (10 events):
Event: 21980.061 Executing VM operation: RevokeBias
Event: 21980.061 Executing VM operation: RevokeBias done
Event: 21980.070 Thread 0x00000000186b3800 flushing nmethod 0x0000000002596150
Event: 21980.071 Thread 0x00000000186b3800 flushing nmethod 0x000000000265e1d0
Event: 21980.074 Thread 0x00000000186b3800 flushing nmethod 0x00000000027c2dd0
Event: 21980.074 Thread 0x00000000186b3800 flushing nmethod 0x00000000027d1e50
Event: 21985.074 Executing VM operation: RevokeBias
Event: 21985.074 Executing VM operation: RevokeBias done
Event: 21985.074 Thread 0x000000001f926800 Thread exited: 0x000000001f926800
Event: 21985.074 Thread 0x000000001f929000 Thread exited: 0x000000001f929000


Dynamic libraries:
0x00007ff6e4670000 - 0x00007ff6e46a7000 	C:\Program Files\Java\jre1.8.0_211\bin\javaw.exe
0x00007ffe072d0000 - 0x00007ffe074c8000 	C:\WINDOWS\SYSTEM32\ntdll.dll
0x00007ffe05590000 - 0x00007ffe0564d000 	C:\WINDOWS\System32\KERNEL32.DLL
0x00007ffe049f0000 - 0x00007ffe04cbe000 	C:\WINDOWS\System32\KERNELBASE.dll
0x00007ffe06040000 - 0x00007ffe060ee000 	C:\WINDOWS\System32\ADVAPI32.dll
0x00007ffe07050000 - 0x00007ffe070ee000 	C:\WINDOWS\System32\msvcrt.dll
0x00007ffe05e30000 - 0x00007ffe05ecc000 	C:\WINDOWS\System32\sechost.dll
0x00007ffe05ca0000 - 0x00007ffe05dc5000 	C:\WINDOWS\System32\RPCRT4.dll
0x00007ffe05330000 - 0x00007ffe054d0000 	C:\WINDOWS\System32\USER32.dll
0x00007ffe04e30000 - 0x00007ffe04e52000 	C:\WINDOWS\System32\win32u.dll
0x00007ffe05650000 - 0x00007ffe0567a000 	C:\WINDOWS\System32\GDI32.dll
0x00007ffe04fc0000 - 0x00007ffe050cb000 	C:\WINDOWS\System32\gdi32full.dll
0x00007ffe04ef0000 - 0x00007ffe04f8d000 	C:\WINDOWS\System32\msvcp_win.dll
0x00007ffe05230000 - 0x00007ffe05330000 	C:\WINDOWS\System32\ucrtbase.dll
0x00007ffdfb320000 - 0x00007ffdfb5ba000 	C:\WINDOWS\WinSxS\amd64_microsoft.windows.common-controls_6595b64144ccf1df_6.0.19041.1110_none_60b5254171f9507e\COMCTL32.dll
0x00007ffe06720000 - 0x00007ffe06750000 	C:\WINDOWS\System32\IMM32.DLL
0x0000000066f40000 - 0x0000000067012000 	C:\Program Files\Java\jre1.8.0_211\bin\msvcr100.dll
0x0000000067040000 - 0x00000000678e5000 	C:\Program Files\Java\jre1.8.0_211\bin\server\jvm.dll
0x00007ffe06f20000 - 0x00007ffe06f28000 	C:\WINDOWS\System32\PSAPI.DLL
0x00007ffdf7fb0000 - 0x00007ffdf7fb9000 	C:\WINDOWS\SYSTEM32\WSOCK32.dll
0x00007ffe05fd0000 - 0x00007ffe0603b000 	C:\WINDOWS\System32\WS2_32.dll
0x00007ffdf4290000 - 0x00007ffdf42b7000 	C:\WINDOWS\SYSTEM32\WINMM.dll
0x00007ffdfbf80000 - 0x00007ffdfbf8a000 	C:\WINDOWS\SYSTEM32\VERSION.dll
0x00007ffe00580000 - 0x00007ffe0058f000 	C:\Program Files\Java\jre1.8.0_211\bin\verify.dll
0x00007ffde5cc0000 - 0x00007ffde5ce9000 	C:\Program Files\Java\jre1.8.0_211\bin\java.dll
0x00007ffdffaa0000 - 0x00007ffdffab6000 	C:\Program Files\Java\jre1.8.0_211\bin\zip.dll
0x00007ffe067d0000 - 0x00007ffe06f13000 	C:\WINDOWS\System32\SHELL32.dll
0x00007ffe02ae0000 - 0x00007ffe03275000 	C:\WINDOWS\SYSTEM32\windows.storage.dll
0x00007ffe05940000 - 0x00007ffe05c94000 	C:\WINDOWS\System32\combase.dll
0x00007ffe04450000 - 0x00007ffe04480000 	C:\WINDOWS\SYSTEM32\Wldp.dll
0x00007ffe05890000 - 0x00007ffe0593d000 	C:\WINDOWS\System32\SHCORE.dll
0x00007ffe05dd0000 - 0x00007ffe05e25000 	C:\WINDOWS\System32\shlwapi.dll
0x00007ffe04930000 - 0x00007ffe0494f000 	C:\WINDOWS\SYSTEM32\profapi.dll
0x00007ffdfefd0000 - 0x00007ffdfefdd000 	C:\Program Files\Java\jre1.8.0_211\bin\management.dll
0x00007ffde5ca0000 - 0x00007ffde5cba000 	C:\Program Files\Java\jre1.8.0_211\bin\net.dll
0x00007ffdfa4f0000 - 0x00007ffdfa6dc000 	C:\WINDOWS\SYSTEM32\urlmon.dll
0x00007ffdf7c10000 - 0x00007ffdf7ec1000 	C:\WINDOWS\SYSTEM32\iertutil.dll
0x00007ffdf82f0000 - 0x00007ffdf8318000 	C:\WINDOWS\SYSTEM32\srvcli.dll
0x00007ffe03e90000 - 0x00007ffe03e9c000 	C:\WINDOWS\SYSTEM32\netutils.dll
0x00007ffe041b0000 - 0x00007ffe0421a000 	C:\WINDOWS\system32\mswsock.dll
0x00007ffdf7860000 - 0x00007ffdf7877000 	C:\WINDOWS\system32\napinsp.dll
0x00007ffdf7790000 - 0x00007ffdf77ab000 	C:\WINDOWS\system32\pnrpnsp.dll
0x00007ffdf7bf0000 - 0x00007ffdf7c05000 	C:\WINDOWS\system32\wshbth.dll
0x00007ffdff3e0000 - 0x00007ffdff3fd000 	C:\WINDOWS\system32\NLAapi.dll
0x00007ffe03e50000 - 0x00007ffe03e8b000 	C:\WINDOWS\SYSTEM32\IPHLPAPI.DLL
0x00007ffe03ea0000 - 0x00007ffe03f6a000 	C:\WINDOWS\SYSTEM32\DNSAPI.dll
0x00007ffe07280000 - 0x00007ffe07288000 	C:\WINDOWS\System32\NSI.dll
0x00007ffdf7bd0000 - 0x00007ffdf7be2000 	C:\WINDOWS\System32\winrnr.dll
0x00007ffdfc210000 - 0x00007ffdfc21a000 	C:\Windows\System32\rasadhlp.dll
0x00007ffdfb950000 - 0x00007ffdfb9d0000 	C:\WINDOWS\System32\fwpuclnt.dll
0x00007ffe04f90000 - 0x00007ffe04fb7000 	C:\WINDOWS\System32\bcrypt.dll
0x00007ffde5c80000 - 0x00007ffde5c92000 	C:\Program Files\Java\jre1.8.0_211\bin\nio.dll
0x00007ffe043b0000 - 0x00007ffe043c8000 	C:\WINDOWS\SYSTEM32\CRYPTSP.dll
0x00007ffe03ac0000 - 0x00007ffe03af4000 	C:\WINDOWS\system32\rsaenh.dll
0x00007ffe048f0000 - 0x00007ffe0491e000 	C:\WINDOWS\SYSTEM32\USERENV.dll
0x00007ffe04e60000 - 0x00007ffe04ee2000 	C:\WINDOWS\System32\bcryptprimitives.dll
0x00007ffe043a0000 - 0x00007ffe043ac000 	C:\WINDOWS\SYSTEM32\CRYPTBASE.dll
0x00007ffdff2f0000 - 0x00007ffdff307000 	C:\WINDOWS\SYSTEM32\dhcpcsvc6.DLL
0x00007ffdfef30000 - 0x00007ffdfef4d000 	C:\WINDOWS\SYSTEM32\dhcpcsvc.DLL
0x00007ffdfc7e0000 - 0x00007ffdfc804000 	C:\Program Files\Java\jre1.8.0_211\bin\sunec.dll
0x00007ffe00570000 - 0x00007ffe0057b000 	C:\Program Files\Java\jre1.8.0_211\bin\sunmscapi.dll
0x00007ffe050d0000 - 0x00007ffe05226000 	C:\WINDOWS\System32\CRYPT32.dll
0x00007ffdfdb60000 - 0x00007ffdfdd44000 	C:\WINDOWS\SYSTEM32\dbghelp.dll

VM Arguments:
jvm_args: -Dfile.encoding=UTF-8 
java_command: com.tekplans.drones.DronesApplication
java_class_path (initial): D:\mawsaleh\Documents\TEKplans\Projects\drones\target\classes;C:\Users\mawsaleh\.m2\repository\org\springframework\boot\spring-boot-starter-web\2.7.3\spring-boot-starter-web-2.7.3.jar;C:\Users\mawsaleh\.m2\repository\org\springframework\boot\spring-boot-starter\2.7.3\spring-boot-starter-2.7.3.jar;C:\Users\mawsaleh\.m2\repository\org\springframework\boot\spring-boot-starter-logging\2.7.3\spring-boot-starter-logging-2.7.3.jar;C:\Users\mawsaleh\.m2\repository\ch\qos\logback\logback-classic\1.2.11\logback-classic-1.2.11.jar;C:\Users\mawsaleh\.m2\repository\ch\qos\logback\logback-core\1.2.11\logback-core-1.2.11.jar;C:\Users\mawsaleh\.m2\repository\org\apache\logging\log4j\log4j-to-slf4j\2.17.2\log4j-to-slf4j-2.17.2.jar;C:\Users\mawsaleh\.m2\repository\org\apache\logging\log4j\log4j-api\2.17.2\log4j-api-2.17.2.jar;C:\Users\mawsaleh\.m2\repository\org\slf4j\jul-to-slf4j\1.7.36\jul-to-slf4j-1.7.36.jar;C:\Users\mawsaleh\.m2\repository\jakarta\annotation\jakarta.annotation-api\1.3.5\jakarta.annotation-api-1.3.5.jar;C:\Users\mawsaleh\.m2\repository\org\yaml\snakeyaml\1.30\snakeyaml-1.30.jar;C:\Users\mawsaleh\.m2\repository\org\springframework\boot\spring-boot-starter-json\2.7.3\spring-boot-starter-json-2.7.3.jar;C:\Users\mawsaleh\.m2\repository\com\fasterxml\jackson\core\jackson-databind\2.13.3\jackson-databind-2.13.3.jar;C:\Users\mawsaleh\.m2\repository\com\fasterxml\jackson\core\jackson-annotations\2.13.3\jackson-annotations-2.13.3.jar;C:\Users\mawsaleh\.m2\repository\com\fasterxml\jackson\core\jackson-core\2.13.3\jackson-core-2.13.3.jar;C:\Users\mawsaleh\.m2\repository\com\fasterxml\jackson\datatype\jackson-datatype-jdk8\2.13.3\jackson-datatype-jdk8-2.13.3.jar;C:\Users\mawsaleh\.m2\repository\com\fasterxml\jackson\datatype\jackson-datatype-jsr310\2.13.3\jackson-datatype-jsr310-2.13.3.jar;C:\Users\mawsaleh\.m2\repository\com\fasterxml\jackson\module\jackson-module-parameter-names\2.13.3\jackson-module-parameter-names-2.13.3.jar;C:\Users\mawsaleh\
Launcher Type: SUN_STANDARD

Environment Variables:
JAVA_HOME=C:\Program Files\Java\jdk1.8.0_111
PATH=C:/Program Files/Java/jre1.8.0_211/bin/server;C:/Program Files/Java/jre1.8.0_211/bin;C:/Program Files/Java/jre1.8.0_211/lib/amd64;C:\Python39\Scripts\;C:\Python39\;C:\Program Files (x86)\Common Files\Oracle\Java\javapath;C:\Python27\;C:\Python27\Scripts;C:\ProgramData\Oracle\Java\javapath;C:\Program Files (x86)\NVIDIA Corporation\PhysX\Common;C:\Program Files (x86)\Intel\iCLS Client\;C:\Program Files\Intel\iCLS Client\;C:\WINDOWS\system32;C:\WINDOWS;C:\WINDOWS\System32\Wbem;C:\WINDOWS\System32\WindowsPowerShell\v1.0\;C:\Program Files\Intel\Intel(R) Management Engine Components\DAL;C:\Program Files\Intel\Intel(R) Management Engine Components\IPT;C:\Program Files (x86)\Intel\Intel(R) Management Engine Components\DAL;C:\Program Files (x86)\Intel\Intel(R) Management Engine Components\IPT;C:\Program Files (x86)\Windows Live\Shared;C:\Program Files\MiKTeX 2.9\miktex\bin\x64\;C:\Program Files (x86)\Microsoft SQL Server\90\Tools\binn\;C:\Program Files (x86)\LINQPad4;C:\wamp64\bin\mysql\mysql5.7.14\bin;C:\Program Files\apache-maven-3.3.9\bin;C:\Program Files\TortoiseHg\;C:\Program Files (x86)\Microchip\xc8\v1.41\bin;C:\Program Files (x86)\Microchip\xc16\v1.31\bin;C:\Program Files (x86)\gnuplot\bin;C:\Program Files (x86)\Wolfram Research\WolframScript\;D:\Software\curl-7.57.0\src;C:\wamp64\bin\php\php5.6.25;C:\ProgramData\ComposerSetup\bin;C:\Program Files\Git\cmd;C:\Program Files\PuTTY\;C:\Program Files\Inkscape\;C:\WINDOWS\System32\OpenSSH\;C:\Program Files\Microsoft VS Code\bin;C:\MinGW\bin;C:\Program Files\TortoiseGit\bin;C:\Program Files\Java\JDK1.8.0_111\bin;C:\MinGW\msys\1.0\bin;C:\Program Files\nodejs\;C:\ProgramData\chocolatey\bin;C:\Program Files\MiKTeX\miktex\bin\x64\;C:\Users\mawsaleh\AppData\Local\Microsoft\WindowsApps;C:\Users\mawsaleh\AppData\Roaming\Composer\vendor\bin;C:\Users\mawsaleh\AppData\Roaming\npm;C:\Users\mawsaleh\AppData\Local\atom\bin;D:\Software\proverif2.04;D:\Software\eclipse;
USERNAME=mawsaleh
OS=Windows_NT
PROCESSOR_IDENTIFIER=Intel64 Family 6 Model 69 Stepping 1, GenuineIntel



---------------  S Y S T E M  ---------------

OS: Windows 10.0 , 64 bit Build 19041 (10.0.19041.1889)

CPU:total 4 (initial active 4) (2 cores per cpu, 2 threads per core) family 6 model 69 stepping 1, cmov, cx8, fxsr, mmx, sse, sse2, sse3, ssse3, sse4.1, sse4.2, popcnt, avx, avx2, aes, clmul, erms, lzcnt, ht, tsc, tscinvbit, bmi1, bmi2

Memory: 4k page, physical 8269208k(2135432k free), swap 14975508k(5368868k free)

vm_info: Java HotSpot(TM) 64-Bit Server VM (25.211-b12) for windows-amd64 JRE (1.8.0_211-b12), built on Apr  1 2019 20:53:26 by "java_re" with MS VC++ 10.0 (VS2010)

time: Wed Sep 14 12:44:45 2022
timezone: Egypt Standard Time
elapsed time: 22120 seconds (0d 6h 8m 40s)

